<?xml version="1.0" encoding="UTF-8"?>
<!-- Generated by org.testng.reporters.JUnitReportReporter -->
<testsuite skipped="0" hostname="LAPTOP-2SUCPHE7" name="Test_Api_Request" tests="1" failures="0" timestamp="26 May 2020 17:47:16 GMT" time="2.814" errors="0">
  <testcase name="getWeatherDetails" time="2.814" classname="Test_Api_Request"/>
</testsuite> <!-- Test_Api_Request -->
