<?xml version="1.0" encoding="UTF-8"?>
<!-- Generated by org.testng.reporters.JUnitReportReporter -->
<testsuite skipped="0" hostname="LAPTOP-2SUCPHE7" name="Test_PostApi" tests="1" failures="0" timestamp="26 May 2020 18:06:47 GMT" time="3.437" errors="0">
  <testcase name="performPostApi" time="3.437" classname="Test_PostApi"/>
</testsuite> <!-- Test_PostApi -->
